 ---=== Start Migration of project cgen ===---
 * Task [UpdateExistentMigrationTasksToAdaptNewMigrationSystemMigrationTask] : Nothing to do
 * Task [ChangeMysqlVersionForProjectSetting] : Nothing to do
 * Task [ChangeOracleVersionForProjectSetting] : Nothing to do
 * Task [Remove routine dependency on talend jars] : Applied successfully
 * Task [ChangePostgresDbVersionForProjectSetting] : Nothing to do
 * Task [Encrypt passwords in new password fields of project settings implicit context load and stats logs] : Applied successfully
 * Task [UnifyPasswordEncryption4ProjectSettingsMigrationTask] : Applied successfully
 * Task [ChangeComponentSettingNameMigrationTask] : Applied successfully
 * Task [Remove routine dependency on antlr-3.3 jars] : Applied successfully
 * Task [RemoveProjectLibsFolder] : Applied successfully
 * Task [RemoveConfigMavenRepository] : Applied successfully
 * Task [AddMomInputToComponentsListMigrationTask] : Applied successfully
 * Task [ChangeActiveMqJarName4MOMComponents] : Applied successfully
 * Task [Fix a problem of project resources linked to items] : Nothing to do
 * Task [ConsumerFaultResponseMigrationTask] : Applied successfully
 * Task [ChangeValueTDIBug19870] : Applied successfully
 * Task [change jobscript content value] : Nothing to do
 * Task [Rename pig parameters] : Applied successfully
 * Task [CheckAndUpdateStatus] : Nothing to do
 * Task [AddCopyBookXc2jFileMigrationTask] : Nothing to do
 * Task [Set the standalone value for the connection mode for old jobs.] : Applied successfully
 * Task [Set true for trim option for the bug TDI-20394] : Applied successfully
 * Task [SetFilterTiemFromTotoFromPOPComponentsMigrationTask] : Applied successfully
 * Task [Add additionalField to the job model] : Nothing to do
 * Task [ChangeDefaultValueTDIBug21708] : Nothing to do
 * Task [If the data container contains #STAGING, then we remove this tag and we set the closed list to STAGING] : Applied successfully
 * Task [Replace host and port by namenode uri for hadoop components] : Applied successfully
 * Task [ChangetMongoDBInputSortTextToTable] : Applied successfully
 * Task [Add a distribution closed list for a better visibility in the hadoop components.] : Applied successfully
 * Task [ChangeOptionDefaultValueFortNormalize] : Applied successfully
 * Task [ChangeSpecifyKeysAndColumnsFortCassandraInput] : Applied successfully
 * Task [ChangeDefaultValueFortNormalizeCSVOption] : Applied successfully
 * Task [ChangeDefaultClientMode4OldJobsBonitaInstantiateProcess] : Applied successfully
 * Task [ChangeOracleJarName4OracleComponents] : Applied successfully
 * Task [ChangeOracleJarName4OracleComponentsByDB_VERSION] : Applied successfully
 * Task [UpdateJobSettingsForOracle] : Applied successfully
 * Task [ChangeOracleJarName4OracleDriver] : Applied successfully
 * Task [ChangeMysqlJarReference4MysqlComponents] : Applied successfully
 * Task [ChangeELTHiveOutputPartitionValue] : Applied successfully
 * Task [ChangeVersionValue4HDFSComponents] : Applied successfully
 * Task [UpdateJobSettingsForMysqlMigrationTask] : Nothing to do
 * Task [SettingValuesIntoHadoopPropertiesFortHiveConnection] : Applied successfully
 * Task [RenametStandardizePhoneNumberColumnName] : Applied successfully
 * Task [Set the Define jar option to true for old jobs.] : Applied successfully
 * Task [ChangeHadoopVersionValue4TDQComponents] : Applied successfully
 * Task [SetReadByJSONPathToFalse] : Applied successfully
 * Task [AddCaseSensitiveToTCreateTableWithHSQLDB] : Applied successfully
 * Task [UpdateJobSettingsForOracleMigrationTask2] : Applied successfully
 * Task [encrypt passwords in new password fields of jobs] : Applied successfully
 * Task [MoveStartsLinkFromPartitionerToDepartitioner] : Applied successfully
 * Task [ChangeBagName4tPigCode] : Applied successfully
 * Task [UniqueJoinKeyParameterTMatchGroup] : Applied successfully
 * Task [ChangePigVersionOfPigLoadMigrationTask] : Applied successfully
 * Task [ChangeHadoopVersionsOfReferenceComponentsMigrationTask] : Applied successfully
 * Task [ChangeExtendedInsert2FALSE4tRedshiftOutput] : Applied successfully
 * Task [ChangeFileInputJSONUrlUnCheckWhenXpathCheck] : Applied successfully
 * Task [ChangeDeleteEmptyFileValueIfAppendTrueFeatureTDI26625] : Applied successfully
 * Task [AddAPIVersion4tMSCRM] : Applied successfully
 * Task [ExcleGenerationModeMigrationTask] : Nothing to do
 * Task [ChangeDBName4Hive] : Applied successfully
 * Task [Modify tFileUnarchive ZIPFILE field value(DI_DEMOS)] : Applied successfully
 * Task [CleanDBSchemaOntCreateTableMigrationTask] : Applied successfully
 * Task [AddNewFieldsForTDQHadoopComponentsTask] : Applied successfully
 * Task [RenameOracleRACToOracleCustomMigrationTask] : Nothing to do
 * Task [Fix Wrong DB Types] : Nothing to do
 * Task [ChangeSalesForceComponetsCustomerModuleName] : Applied successfully
 * Task [ChangeUsername4Hive] : Applied successfully
 * Task [ChangeJavaAPIAsDefault4SqoopMigrationTask] : Applied successfully
 * Task [Remove Error Tag] : Nothing to do
 * Task [RemoveUseHadoopPropertiesFortMRConfiguration] : Nothing to do
 * Task [ChangeDefaultEncodingMigrationTask] : Applied successfully
 * Task [AddDBConnectionVersionMigrationTask] : Nothing to do
 * Task [SetTrim4tFileOutputXML] : Applied successfully
 * Task [AddLoginTypeForSalesforceMigrationTask] : Nothing to do
 * Task [ChangeDefaultValueFortCassandraOutputDefineCFStructure] : Applied successfully
 * Task [AddHashKeyFromInputConnector4tHashOutput] : Applied successfully
 * Task [SetContextDumpHidePasswordToFalse] : Applied successfully
 * Task [UpdateJobSettingsForPostgresMigrationTask] : Nothing to do
 * Task [ChangeRecordMatchingCustomFunctionValueTask] : Applied successfully
 * Task [Encrypt passwords in new password fields of job settings implicit context load and stats logs] : Applied successfully
 * Task [UpdateDbVersionForVerticaMigrationTask] : Nothing to do
 * Task [Add the gid use string parameter if not have, value=false] : Applied successfully
 * Task [ChangeUseBatchSizetoFalse4AS400] : Applied successfully
 * Task [CorrectTeradataTPTExecInserterOperatorToLoad] : Applied successfully
 * Task [ChangeRecalculateFormulaValueMigrationTask] : Applied successfully
 * Task [AddCDCTypeForOracleCDCMigrationTask] : Applied successfully
 * Task [DBMapSplitTableConstraintFiltersMigrationTask] : Applied successfully
 * Task [ChangeParameterName4tMDMConnection] : Applied successfully
 * Task [UpdateTMultiPatternCheckTask] : Applied successfully
 * Task [Add a option and reverse its value on FS components] : Applied successfully
 * Task [Update "compute group quality" to false for non-separate mode] : Applied successfully
 * Task [CorrectDBVersionListForAS400] : Applied successfully
 * Task [UnifyPasswordEncryption4LdapConnectionMigrationTask] : Nothing to do
 * Task [UnifyPasswordEncryption4SalesforceSchemaConnectionMigrationTask] : Nothing to do
 * Task [UnifyPasswordEncryption4WsdlConnectionMigrationTask] : Nothing to do
 * Task [UnifyPasswordEncryption4ParametersInJobletMigrationTask] : Nothing to do
 * Task [UnifyPasswordEncryption4MDMConnectionMigrationTask] : Nothing to do
 * Task [UnifyPasswordEncryption4SapConnectionMigrationTask] : Nothing to do
 * Task [UnifyPasswordEncryption4FtpConnectionMigrationTask] : Nothing to do
 * Task [UnifyPasswordEncryption4ContextMigrationTask] : Applied successfully
 * Task [UnifyPasswordEncryption4DBConnectionMigrationTask] : Applied successfully
 * Task [UnifyPasswordEncryption4ParametersInJobMigrationTask] : Applied successfully
 * Task [SetDieOnErrorFalse4tSCPDelete] : Applied successfully
 * Task [SAPItemMigrationTask] : Applied successfully
 * Task [SAPComponentSchemaIdMigrationTask] : Applied successfully
 * Task [SetDefaultValue4tWriteJSONFieldGroupByOutput] : Applied successfully
 * Task [RemoveUnuseQuoteOnTLoop] : Applied successfully
 * Task [ChangeReadByParameter4tFileInputJSON] : Applied successfully
 * Task [Set tStoreResult associated tPigLoad] : Applied successfully
 * Task [ChangeMappingParameter4Redshift] : Applied successfully
 * Task [ChangeParameter4tSAPIDocOutput] : Applied successfully
 * Task [ChangeDefaultValue4tMarketoOutput] : Applied successfully
 * Task [AddSchemaDefaultValue4tFileInputDelimited] : Applied successfully
 * Task [CorrectBatchModeForDBComponents] : Applied successfully
 * Task [CorrectBatchModeForTeradataOutput] : Applied successfully
 * Task [CorrectBatchModeForJDBCOutput] : Applied successfully
 * Task [SetUrltStewardshipXXXTDI32354] : Applied successfully
 * Task [MdmAddVersionMigrationTask] : Nothing to do
 * Task [SetDefaultVauleMDMServerVersionFeatureTDI31722] : Applied successfully
 * Task [CorrectBatchSizeForDBComponents] : Applied successfully
 * Task [CorrectBatchSizeForDBComponentsMore] : Applied successfully
 * Task [ChangeDefaultValue4JSONComponents] : Applied successfully
 * Task [MapNetsuiteOperatorValueTDI32245] : Applied successfully
 * Task [ChangeMongoDBMinimalVersion] : Applied successfully
 * Task [ChangeValue4BonitaComponents] : Applied successfully
 * Task [ODBCMigrationTask] : Applied successfully
 * Task [ActivateQueryLogging] : Applied successfully
 * Task [MigrateEncoding4tSalesforceWave] : Applied successfully
 * Task [ChangeDefaultValueForCassandraAPIVersion] : Applied successfully
 * Task [AccessMigrationTask] : Applied successfully
 * Task [AddPortForTCassandraConfigurationSpark] : Applied successfully
 * Task [AddTableActionForUpdateCassandraDatastax] : Applied successfully
 * Task [UnifyParameterOfDatastaxAndHectorForCassandra] : Applied successfully
 * Task [MigrateDeprecatedHadoopDistribution1] : Applied successfully
 * Task [ChangeDefaultSparkSerializer] : Nothing to do
 * Task [SAPDatePatternItemMigrationTask] : Applied successfully
 * Task [SAPDatePatternComponentMigrationTask] : Applied successfully
 * Task [Set default readby mode] : Applied successfully
 * Task [BuildRecycleBinIndexMigrationTask] : Applied successfully
 * Task [ChangeDefaultValue4tLogRow] : Applied successfully
 * Task [ChangeBatchParameter4SomeDBComponents] : Applied successfully
 * Task [CheckIncludeSeparatorOnTFileOutputPositional] : Nothing to do
 * Task [ChangeLocalModeForSparkConfiguration] : Nothing to do
 * Task [ChangeOptionDefaultValueForFileArchive] : Applied successfully
 * Task [DisableUseBatchWhenRejectLineExists] : Applied successfully
 * Task [StripslachesOnQuotesForTCollectAndCheck] : Nothing to do
 * Task [UpdateKakfaInputConsumerTimeoutAndAutoOffsetTask] : Applied successfully
 * Task [ReviewPigLoadLayout] : Applied successfully
 * Task [RenameSparkVersions] : Nothing to do
 * Task [TickDieOnError4tFileUnarchive] : Applied successfully
 * Task [AutoUpdateRelationsMigrationTask] : Applied successfully
 ---=== End of migration ===---
